<?xml version="1.0" encoding="UTF-8"?>
<!-- Generated by org.testng.reporters.JUnitReportReporter -->
<testsuite hostname="Siddhi" failures="0" tests="2" name="CICD.CICD.Test1" time="4.259" errors="0" timestamp="2024-12-12T17:25:48 IST" skipped="0">
  <testcase classname="CICD.CICD.Test1" name="exit" time="0.236"/>
  <testcase classname="CICD.CICD.Test1" name="launchBrowser" time="4.023"/>
</testsuite> <!-- CICD.CICD.Test1 -->
